<?xml version="1.0" encoding="UTF-8"?>
<!-- Generated by org.testng.reporters.JUnitReportReporter -->
<testsuite skipped="0" hostname="LTPMUM062364167" name="com.cross.qa.testcases.BookMovieTestLatest" tests="1" failures="0" timestamp="2020-03-30T16:41:00 IST" time="162.333" errors="0">
  <testcase name="runBookMyShowInActualDeviceWhileDeviceConnectedThroughUSB" time="162.333" classname="com.cross.qa.testcases.BookMovieTestLatest"/>
</testsuite> <!-- com.cross.qa.testcases.BookMovieTestLatest -->
