<?xml version="1.0" encoding="UTF-8"?>
<!-- Generated by org.testng.reporters.JUnitReportReporter -->
<testsuite skipped="1" hostname="LTPMUM062364167" name="com.cross.qa.testcases.BookMovieTest" tests="2" failures="0" timestamp="2020-03-30T09:18:28 IST" time="117.756" errors="0">
  <testcase name="runBookMyShowInActualDeviceWhileDeviceConnectedThroughUSB" time="117.756" classname="com.cross.qa.testcases.BookMovieTest"/>
  <testcase name="runBookMyShowInActualDeviceWhileDeviceConnectedThroughUSBTestPermissions" classname="com.cross.qa.testcases.BookMovieTest">
    <skipped/>
  </testcase> <!-- runBookMyShowInActualDeviceWhileDeviceConnectedThroughUSBTestPermissions -->
</testsuite> <!-- com.cross.qa.testcases.BookMovieTest -->
