<?xml version="1.0" encoding="UTF-8"?>
<!-- Generated by org.testng.reporters.JUnitReportReporter -->
<testsuite skipped="0" hostname="LTPMUM062364167" name="com.cross.qa.testcases.BookMovieTestLatestTrue" tests="1" failures="0" timestamp="2020-03-31T18:41:33 IST" time="121.586" errors="0">
  <testcase name="runBookMyShowInActualDeviceWhileDeviceConnectedThroughUSB" time="121.586" classname="com.cross.qa.testcases.BookMovieTestLatestTrue"/>
</testsuite> <!-- com.cross.qa.testcases.BookMovieTestLatestTrue -->
